# JRE version: OpenJDK Runtime Environment (11.0.12+7) (build 11.0.12+7-b1504.28-7817840)
# Java VM: OpenJDK 64-Bit Server VM (11.0.12+7-b1504.28-7817840, mixed mode, tiered, compressed oops, g1 gc, windows-amd64)
Heap:
 garbage-first heap   total 402432K, used 198270K [0x0000000080000000, 0x0000000100000000)
  region size 1024K, 5 young (5120K), 5 survivors (5120K)
 Metaspace       used 135591K, capacity 139475K, committed 139724K, reserved 1171456K
  class space    used 16658K, capacity 18119K, committed 18124K, reserved 1048576K
GC Heap History (20 events):
Event: 5027.617 GC heap after
{Heap after GC invocations=73 (full 0):
 garbage-first heap   total 273408K, used 139919K [0x0000000080000000, 0x0000000100000000)
  region size 1024K, 4 young (4096K), 4 survivors (4096K)
 Metaspace       used 125479K, capacity 128963K, committed 129228K, reserved 1161216K
  class space    used 15200K, capacity 16474K, committed 16588K, reserved 1048576K
}
Event: 5029.033 GC heap before
{Heap before GC invocations=74 (full 0):
 garbage-first heap   total 273408K, used 163471K [0x0000000080000000, 0x0000000100000000)
  region size 1024K, 27 young (27648K), 4 survivors (4096K)
 Metaspace       used 125911K, capacity 129540K, committed 129740K, reserved 1163264K
  class space    used 15260K, capacity 16567K, committed 16588K, reserved 1048576K
}
Event: 5029.044 GC heap after
{Heap after GC invocations=75 (full 0):
 garbage-first heap   total 273408K, used 136160K [0x0000000080000000, 0x0000000100000000)
  region size 1024K, 2 young (2048K), 2 survivors (2048K)
 Metaspace       used 125911K, capacity 129540K, committed 129740K, reserved 1163264K
  class space    used 15260K, capacity 16567K, committed 16588K, reserved 1048576K
}
Event: 5030.481 GC heap before
{Heap before GC invocations=76 (full 0):
 garbage-first heap   total 273408K, used 158688K [0x0000000080000000, 0x0000000100000000)
  region size 1024K, 22 young (22528K), 2 survivors (2048K)
 Metaspace       used 128415K, capacity 132109K, committed 132428K, reserved 1165312K
  class space    used 15597K, capacity 16908K, committed 16972K, reserved 1048576K
}
Event: 5030.496 GC heap after
{Heap after GC invocations=77 (full 0):
 garbage-first heap   total 273408K, used 143434K [0x0000000080000000, 0x0000000100000000)
  region size 1024K, 6 young (6144K), 6 survivors (6144K)
 Metaspace       used 128415K, capacity 132109K, committed 132428K, reserved 1165312K
  class space    used 15597K, capacity 16908K, committed 16972K, reserved 1048576K
}
Event: 5032.431 GC heap before
{Heap before GC invocations=78 (full 0):
 garbage-first heap   total 273408K, used 214090K [0x0000000080000000, 0x0000000100000000)
  region size 1024K, 67 young (68608K), 6 survivors (6144K)
 Metaspace       used 131288K, capacity 134969K, committed 135116K, reserved 1167360K
  class space    used 16163K, capacity 17499K, committed 17612K, reserved 1048576K
}
Event: 5032.481 GC heap after
{Heap after GC invocations=79 (full 0):
 garbage-first heap   total 273408K, used 161573K [0x0000000080000000, 0x0000000100000000)
  region size 1024K, 9 young (9216K), 9 survivors (9216K)
 Metaspace       used 131288K, capacity 134969K, committed 135116K, reserved 1167360K
  class space    used 16163K, capacity 17499K, committed 17612K, reserved 1048576K
}
Event: 5033.587 GC heap before
{Heap before GC invocations=79 (full 0):
 garbage-first heap   total 273408K, used 212773K [0x0000000080000000, 0x0000000100000000)
  region size 1024K, 60 young (61440K), 9 survivors (9216K)
 Metaspace       used 131898K, capacity 135550K, committed 135628K, reserved 1167360K
  class space    used 16199K, capacity 17536K, committed 17612K, reserved 1048576K
}
Event: 5033.713 GC heap after
{Heap after GC invocations=80 (full 0):
 garbage-first heap   total 273408K, used 185550K [0x0000000080000000, 0x0000000100000000)
  region size 1024K, 8 young (8192K), 8 survivors (8192K)
 Metaspace       used 131898K, capacity 135550K, committed 135628K, reserved 1167360K
  class space    used 16199K, capacity 17536K, committed 17612K, reserved 1048576K
}
Event: 5035.495 GC heap before
{Heap before GC invocations=81 (full 0):
 garbage-first heap   total 273408K, used 215246K [0x0000000080000000, 0x0000000100000000)
  region size 1024K, 41 young (41984K), 8 survivors (8192K)
 Metaspace       used 134763K, capacity 138628K, committed 138828K, reserved 1169408K
  class space    used 16568K, capacity 17974K, committed 17996K, reserved 1048576K
}
Event: 5035.577 GC heap after
{Heap after GC invocations=82 (full 0):
 garbage-first heap   total 328704K, used 186124K [0x0000000080000000, 0x0000000100000000)
  region size 1024K, 4 young (4096K), 4 survivors (4096K)
 Metaspace       used 134763K, capacity 138628K, committed 138828K, reserved 1169408K
  class space    used 16568K, capacity 17974K, committed 17996K, reserved 1048576K
}
Event: 5036.283 GC heap before
{Heap before GC invocations=82 (full 0):
 garbage-first heap   total 328704K, used 197388K [0x0000000080000000, 0x0000000100000000)
  region size 1024K, 16 young (16384K), 4 survivors (4096K)
 Metaspace       used 135073K, capacity 138937K, committed 139212K, reserved 1171456K
  class space    used 16604K, capacity 18054K, committed 18124K, reserved 1048576K
}
Event: 5036.328 GC heap after
{Heap after GC invocations=83 (full 0):
 garbage-first heap   total 328704K, used 185088K [0x0000000080000000, 0x0000000100000000)
  region size 1024K, 2 young (2048K), 2 survivors (2048K)
 Metaspace       used 135073K, capacity 138937K, committed 139212K, reserved 1171456K
  class space    used 16604K, capacity 18054K, committed 18124K, reserved 1048576K
}
Event: 5036.337 GC heap before
{Heap before GC invocations=83 (full 0):
 garbage-first heap   total 328704K, used 185088K [0x0000000080000000, 0x0000000100000000)
  region size 1024K, 3 young (3072K), 2 survivors (2048K)
 Metaspace       used 135073K, capacity 138937K, committed 139212K, reserved 1171456K
  class space    used 16604K, capacity 18054K, committed 18124K, reserved 1048576K
}
Event: 5036.361 GC heap after
{Heap after GC invocations=84 (full 0):
 garbage-first heap   total 328704K, used 184952K [0x0000000080000000, 0x0000000100000000)
  region size 1024K, 2 young (2048K), 2 survivors (2048K)
 Metaspace       used 135073K, capacity 138937K, committed 139212K, reserved 1171456K
  class space    used 16604K, capacity 18054K, committed 18124K, reserved 1048576K
}
Event: 5039.758 GC heap before
{Heap before GC invocations=85 (full 0):
 garbage-first heap   total 328704K, used 237176K [0x0000000080000000, 0x0000000100000000)
  region size 1024K, 49 young (50176K), 2 survivors (2048K)
 Metaspace       used 135591K, capacity 139475K, committed 139724K, reserved 1171456K
  class space    used 16658K, capacity 18119K, committed 18124K, reserved 1048576K
}
Event: 5039.811 GC heap after
{Heap after GC invocations=86 (full 0):
 garbage-first heap   total 328704K, used 196224K [0x0000000080000000, 0x0000000100000000)
  region size 1024K, 7 young (7168K), 7 survivors (7168K)
 Metaspace       used 135591K, capacity 139475K, committed 139724K, reserved 1171456K
  class space    used 16658K, capacity 18119K, committed 18124K, reserved 1048576K
}
Event: 5039.843 GC heap before
{Heap before GC invocations=86 (full 0):
 garbage-first heap   total 328704K, used 204416K [0x0000000080000000, 0x0000000100000000)
  region size 1024K, 16 young (16384K), 7 survivors (7168K)
 Metaspace       used 135591K, capacity 139475K, committed 139724K, reserved 1171456K
  class space    used 16658K, capacity 18119K, committed 18124K, reserved 1048576K
}
Event: 5039.884 GC heap after
{Heap after GC invocations=87 (full 0):
 garbage-first heap   total 328704K, used 196093K [0x0000000080000000, 0x0000000100000000)
  region size 1024K, 2 young (2048K), 2 survivors (2048K)
 Metaspace       used 135591K, capacity 139475K, committed 139724K, reserved 1171456K
  class space    used 16658K, capacity 18119K, committed 18124K, reserved 1048576K
}
Event: 5039.942 GC heap before
{Heap before GC invocations=87 (full 0):
 garbage-first heap   total 328704K, used 207357K [0x0000000080000000, 0x0000000100000000)
  region size 1024K, 14 young (14336K), 2 survivors (2048K)
 Metaspace       used 135591K, capacity 139475K, committed 139724K, reserved 1171456K
  class space    used 16658K, capacity 18119K, committed 18124K, reserved 1048576K
}

